2020-12-11 05:44:37,546 [Worker-0: Loading available Gradle versions] INFO  o.e.b.c.i.u.g.PublishedGradleVersions - Gradle version information cache is up-to-date. Trying to read.
2020-12-11 15:05:53,066 [Worker-156: Creating project "UnitTest"] INFO  o.e.m.c.i.l.LifecycleMappingFactory - Using org.eclipse.m2e.jdt.JarLifecycleMapping lifecycle mapping for MavenProject: UnitTest:UnitTest:0.0.1-SNAPSHOT @ C:\Users\naeem\Desktop\Revature_Training\assignment1\assingment1_update\TestProject\UnitTest\pom.xml.
2020-12-11 15:05:53,874 [Worker-156: Creating project "UnitTest"] INFO  o.e.m.j.i.AbstractJavaProjectConfigurator - Adding source folder /UnitTest/src/main/java
2020-12-11 15:05:53,875 [Worker-156: Creating project "UnitTest"] INFO  o.e.m.j.i.AbstractJavaProjectConfigurator - Adding resource folder /UnitTest/src/main/resources
2020-12-11 15:05:53,875 [Worker-156: Creating project "UnitTest"] INFO  o.e.m.j.i.AbstractJavaProjectConfigurator - Adding source folder /UnitTest/src/test/java
2020-12-11 15:05:53,876 [Worker-156: Creating project "UnitTest"] INFO  o.e.m.j.i.AbstractJavaProjectConfigurator - Adding resource folder /UnitTest/src/test/resources
2020-12-11 15:05:54,194 [Worker-165: Building] WARN  o.e.m.c.i.embedder.EclipseLogger - Using platform encoding (Cp1252 actually) to copy filtered resources, i.e. build is platform dependent!
2020-12-11 15:05:54,196 [Worker-165: Building] INFO  o.e.m.c.i.embedder.EclipseLogger - Copying 0 resource
2020-12-11 15:05:54,198 [Worker-165: Building] WARN  o.e.m.c.i.embedder.EclipseLogger - Using platform encoding (Cp1252 actually) to copy filtered resources, i.e. build is platform dependent!
2020-12-11 15:05:54,199 [Worker-165: Building] INFO  o.e.m.c.i.embedder.EclipseLogger - Copying 0 resource
2020-12-11 15:15:17,894 [Worker-171: Building] INFO  o.e.m.c.i.l.LifecycleMappingFactory - Using org.eclipse.m2e.jdt.JarLifecycleMapping lifecycle mapping for MavenProject: UnitTest:UnitTest:0.0.1-SNAPSHOT @ C:\Users\naeem\Desktop\Revature_Training\assignment1\assingment1_update\TestProject\UnitTest\pom.xml.
2020-12-11 15:15:18,002 [Worker-171: Building] WARN  o.e.m.c.i.embedder.EclipseLogger - Using platform encoding (Cp1252 actually) to copy filtered resources, i.e. build is platform dependent!
2020-12-11 15:15:18,004 [Worker-171: Building] INFO  o.e.m.c.i.embedder.EclipseLogger - Copying 0 resource
2020-12-11 15:15:18,006 [Worker-171: Building] WARN  o.e.m.c.i.embedder.EclipseLogger - Using platform encoding (Cp1252 actually) to copy filtered resources, i.e. build is platform dependent!
2020-12-11 15:15:18,007 [Worker-171: Building] INFO  o.e.m.c.i.embedder.EclipseLogger - Copying 0 resource
2020-12-11 23:18:38,975 [Worker-1: Loading available Gradle versions] INFO  o.e.b.c.i.u.g.PublishedGradleVersions - Gradle version information cache is up-to-date. Trying to read.
2020-12-11 23:18:41,520 [Worker-4: Building] WARN  o.e.m.c.i.embedder.EclipseLogger - Using platform encoding (Cp1252 actually) to copy filtered resources, i.e. build is platform dependent!
2020-12-11 23:18:41,524 [Worker-4: Building] INFO  o.e.m.c.i.embedder.EclipseLogger - Copying 0 resource
2020-12-11 23:18:41,526 [Worker-4: Building] WARN  o.e.m.c.i.embedder.EclipseLogger - Using platform encoding (Cp1252 actually) to copy filtered resources, i.e. build is platform dependent!
2020-12-11 23:18:41,526 [Worker-4: Building] INFO  o.e.m.c.i.embedder.EclipseLogger - Copying 0 resource
